[16.05.2025 10:40:43] Користувач: anna, роль: Менеджер увійшов у систему.
[16.05.2025 13:04:08] Admin Анна imposed disciplinary record on Іван: Запізнення на роботу
[17.05.2025 19:05:10] Користувач: anna, роль: Менеджер увійшов у систему.
[17.05.2025 20:13:13] Користувач: anna, роль: Менеджер увійшов у систему.
[17.05.2025 20:14:34] Користувач: anna, роль: Менеджер увійшов у систему.
[17.05.2025 20:17:29] Користувач: Pavlo, роль: Адміністратор увійшов у систему.
[17.05.2025 20:18:01] Користувач: anna, роль: Менеджер увійшов у систему.
[17.05.2025 20:21:15] Користувач: anna, роль: Менеджер увійшов у систему.
[17.05.2025 20:35:41] Користувач: anna, роль: Менеджер увійшов у систему.
[18.05.2025 15:51:15] Користувач: anna, роль: Менеджер увійшов у систему.
[18.05.2025 16:03:27] Користувач: Pavlo, роль: Адміністратор увійшов у систему.
[18.05.2025 16:03:57] Користувач: Pavlo, роль: Адміністратор увійшов у систему.
[18.05.2025 16:06:28] Користувач: Pavlo, роль: Адміністратор увійшов у систему.
[18.05.2025 16:12:43] Користувач: Pavlo, роль: Адміністратор увійшов у систему.
[18.05.2025 16:13:43] Admin Admin imposed disciplinary record on Taras: 1
[18.05.2025 16:19:17] Користувач: Pavlo, роль: Адміністратор увійшов у систему.
[18.05.2025 16:34:05] Користувач: Pavlo, роль: Адміністратор увійшов у систему.
[18.05.2025 16:44:00] Користувач: Pavlo, роль: Адміністратор увійшов у систему.
[18.05.2025 16:54:14] Користувач: Pavlo, роль: Адміністратор увійшов у систему.
[18.05.2025 17:03:22] Користувач: Pavlo, роль: Адміністратор увійшов у систему.
[18.05.2025 17:04:29] Користувач: Pavlo, роль: Адміністратор увійшов у систему.
[18.05.2025 17:10:19] Користувач: Pavlo, роль: Адміністратор увійшов у систему.
[18.05.2025 17:18:41] Користувач: Pavlo, роль: Адміністратор увійшов у систему.
[18.05.2025 17:21:19] Користувач: Pavlo, роль: Адміністратор увійшов у систему.
[19.05.2025 13:53:36] Користувачі завантажені з C:\Users\Admin\PycharmProjects\NewProject\practicReport\models\users.json.
[19.05.2025 13:53:36] Система авторизації ініціалізована.
[19.05.2025 13:53:43] Успішна автентифікація для anna, роль: Менеджер.
[19.05.2025 13:53:43] Користувач: anna, роль: Менеджер увійшов у систему.
[19.05.2025 13:56:04] Користувачі завантажені з C:\Users\Admin\PycharmProjects\NewProject\practicReport\models\users.json.
[19.05.2025 13:56:04] Система авторизації ініціалізована.
[19.05.2025 13:56:11] Успішна автентифікація для anna, роль: Менеджер.
[19.05.2025 13:56:11] Користувач: anna, роль: Менеджер увійшов у систему.
[19.05.2025 13:57:43] Користувачі завантажені з C:\Users\Admin\PycharmProjects\NewProject\practicReport\models\users.json.
[19.05.2025 13:57:43] Система авторизації ініціалізована.
[19.05.2025 13:57:50] Успішна автентифікація для anna, роль: Менеджер.
[19.05.2025 13:57:50] Користувач: anna, роль: Менеджер увійшов у систему.
[19.05.2025 14:27:04] Користувачі завантажені з C:\Users\Admin\PycharmProjects\NewProject\practicReport\models\users.json.
[19.05.2025 14:27:04] Система авторизації ініціалізована.
[19.05.2025 14:27:11] Неуспішна автентифікація для anna.
[19.05.2025 14:27:18] Неуспішна автентифікація для anna.
[20.05.2025 08:37:16] Користувачі завантажені з C:\Users\Admin\PycharmProjects\NewProject\practicReport\models\users.json.
[20.05.2025 08:37:16] Система авторизації ініціалізована.
[20.05.2025 08:37:23] Неуспішна автентифікація для anna.
[20.05.2025 08:37:32] Неуспішна автентифікація для anna.
[20.05.2025 08:37:47] Неуспішна автентифікація для Анна.
[20.05.2025 08:39:14] Користувачі завантажені з C:\Users\Admin\PycharmProjects\NewProject\practicReport\models\users.json.
[20.05.2025 08:39:14] Система авторизації ініціалізована.
[20.05.2025 08:39:28] Неуспішна автентифікація для anna.
[20.05.2025 08:40:48] Користувачі завантажені з C:\Users\Admin\PycharmProjects\NewProject\practicReport\models\users.json.
[20.05.2025 08:40:48] Система авторизації ініціалізована.
[20.05.2025 08:40:53] Успішна автентифікація для anna, роль: Manager.
[20.05.2025 08:40:53] Користувач: anna, роль: Manager увійшов у систему.
[20.05.2025 08:41:46] Користувачі завантажені з C:\Users\Admin\PycharmProjects\NewProject\practicReport\models\users.json.
[20.05.2025 08:41:46] Система авторизації ініціалізована.
[20.05.2025 08:41:53] Успішна автентифікація для anna, роль: Менеджер.
[20.05.2025 08:41:53] Користувач: anna, роль: Менеджер увійшов у систему.
[20.05.2025 08:48:30] Користувачі завантажені з C:\Users\Admin\PycharmProjects\NewProject\practicReport\models\users.json.
[20.05.2025 08:48:30] Система авторизації ініціалізована.
[20.05.2025 08:48:38] Неуспішна автентифікація для Pavlo.
[20.05.2025 08:48:44] Неуспішна автентифікація для Pavlo.
[20.05.2025 08:48:54] Успішна автентифікація для Pavlik, роль: Адміністратор.
[20.05.2025 08:48:54] Користувач: Pavlik, роль: Адміністратор увійшов у систему.
[20.05.2025 08:54:59] Користувачі завантажені з C:\Users\Admin\PycharmProjects\NewProject\practicReport\models\users.json.
[20.05.2025 08:54:59] Система авторизації ініціалізована.
[20.05.2025 08:55:09] Успішна автентифікація для Pavlik, роль: Адміністратор.
[20.05.2025 08:55:09] Користувач: Pavlik, роль: Адміністратор увійшов у систему.
[20.05.2025 08:56:41] Користувачі завантажені з C:\Users\Admin\PycharmProjects\NewProject\practicReport\models\users.json.
[20.05.2025 08:56:41] Система авторизації ініціалізована.
[20.05.2025 08:56:49] Успішна автентифікація для Pavlik, роль: Адміністратор.
[20.05.2025 08:56:49] Користувач: Pavlik, роль: Адміністратор увійшов у систему.
[20.05.2025 08:58:36] Користувачі завантажені з C:\Users\Admin\PycharmProjects\NewProject\practicReport\models\users.json.
[20.05.2025 08:58:36] Система авторизації ініціалізована.
[20.05.2025 08:58:44] Успішна автентифікація для Pavlik, роль: Адміністратор.
[20.05.2025 08:58:44] Користувач: Pavlik, роль: Адміністратор увійшов у систему.
[20.05.2025 09:14:27] Користувачі завантажені з C:\Users\Admin\PycharmProjects\NewProject\practicReport\models\users.json.
[20.05.2025 09:14:27] Система авторизації ініціалізована.
[20.05.2025 09:14:49] Неуспішна автентифікація для Pavlik.
[20.05.2025 09:14:55] Неуспішна автентифікація для Pavlik.
[20.05.2025 09:15:49] Неуспішна автентифікація для Pavlik.
[20.05.2025 09:15:54] Користувачі завантажені з C:\Users\Admin\PycharmProjects\NewProject\practicReport\models\users.json.
[20.05.2025 09:15:54] Система авторизації ініціалізована.
[20.05.2025 09:16:04] Успішна автентифікація для Pavlik, роль: Адміністратор.
[20.05.2025 09:16:04] Користувач: Pavlik, роль: Адміністратор увійшов у систему.
[20.05.2025 09:26:21] Користувачі завантажені з C:\Users\Admin\PycharmProjects\NewProject\practicReport\models\users.json.
[20.05.2025 09:26:21] Система авторизації ініціалізована.
[20.05.2025 09:26:29] Успішна автентифікація для Pavlik, роль: Адміністратор.
[20.05.2025 09:26:29] Користувач: Pavlik, роль: Адміністратор увійшов у систему.
[20.05.2025 09:39:11] Користувачі завантажені з C:\Users\Admin\PycharmProjects\NewProject\practicReport\models\users.json.
[20.05.2025 09:39:11] Система авторизації ініціалізована.
[20.05.2025 09:39:19] Успішна автентифікація для Pavlik, роль: Адміністратор.
[20.05.2025 09:39:19] Користувач: Pavlik, роль: Адміністратор увійшов у систему.
[20.05.2025 09:46:48] Користувачі завантажені з C:\Users\Admin\PycharmProjects\NewProject\practicReport\models\users.json.
[20.05.2025 09:46:48] Система авторизації ініціалізована.
[20.05.2025 09:46:57] Успішна автентифікація для Pavlik, роль: Адміністратор.
[20.05.2025 09:46:57] Користувач: Pavlik, роль: Адміністратор увійшов у систему.
[20.05.2025 09:48:05] Користувачі завантажені з C:\Users\Admin\PycharmProjects\NewProject\practicReport\models\users.json.
[20.05.2025 09:48:05] Система авторизації ініціалізована.
[20.05.2025 09:48:27] Успішна автентифікація для Pavlik, роль: Адміністратор.
[20.05.2025 09:48:27] Користувач: Pavlik, роль: Адміністратор увійшов у систему.
[20.05.2025 09:52:41] Користувачі завантажені з C:\Users\Admin\PycharmProjects\NewProject\practicReport\models\users.json.
[20.05.2025 09:52:41] Система авторизації ініціалізована.
[20.05.2025 09:52:50] Неуспішна автентифікація для Pavlik.
[20.05.2025 09:52:54] Успішна автентифікація для Pavlik, роль: Адміністратор.
[20.05.2025 09:52:54] Користувач: Pavlik, роль: Адміністратор увійшов у систему.
[20.05.2025 09:57:16] Користувачі завантажені з C:\Users\Admin\PycharmProjects\NewProject\practicReport\models\users.json.
[20.05.2025 09:57:16] Система авторизації ініціалізована.
[20.05.2025 09:57:25] Успішна автентифікація для Pavlik, роль: Адміністратор.
[20.05.2025 09:57:25] Користувач: Pavlik, роль: Адміністратор увійшов у систему.
[20.05.2025 10:10:14] Користувачі завантажені з C:\Users\Admin\PycharmProjects\NewProject\practicReport\models\users.json.
[20.05.2025 10:10:14] Система авторизації ініціалізована.
[20.05.2025 10:10:23] Успішна автентифікація для Pavlik, роль: Адміністратор.
[20.05.2025 10:10:23] Користувач: Pavlik, роль: Адміністратор увійшов у систему.
[20.05.2025 10:15:15] Користувачі завантажені з C:\Users\Admin\PycharmProjects\NewProject\practicReport\models\users.json.
[20.05.2025 10:15:15] Система авторизації ініціалізована.
[20.05.2025 10:15:26] Успішна автентифікація для Pavlik, роль: Адміністратор.
[20.05.2025 10:15:26] Користувач: Pavlik, роль: Адміністратор увійшов у систему.
[20.05.2025 10:17:14] Користувачі завантажені з C:\Users\Admin\PycharmProjects\NewProject\practicReport\models\users.json.
[20.05.2025 10:17:14] Система авторизації ініціалізована.
[20.05.2025 10:17:23] Успішна автентифікація для Pavlik, роль: Адміністратор.
[20.05.2025 10:17:23] Користувач: Pavlik, роль: Адміністратор увійшов у систему.
[20.05.2025 10:19:23] Користувачі завантажені з C:\Users\Admin\PycharmProjects\NewProject\practicReport\models\users.json.
[20.05.2025 10:19:23] Система авторизації ініціалізована.
[20.05.2025 10:19:33] Успішна автентифікація для Pavlik, роль: Адміністратор.
[20.05.2025 10:19:33] Користувач: Pavlik, роль: Адміністратор увійшов у систему.
[20.05.2025 10:20:31] Користувачі завантажені з C:\Users\Admin\PycharmProjects\NewProject\practicReport\models\users.json.
[20.05.2025 10:20:31] Система авторизації ініціалізована.
[20.05.2025 10:20:36] Успішна автентифікація для Pavlik, роль: Адміністратор.
[20.05.2025 10:20:36] Користувач: Pavlik, роль: Адміністратор увійшов у систему.
[20.05.2025 10:27:50] Користувачі завантажені з C:\Users\Admin\PycharmProjects\NewProject\practicReport\models\users.json.
[20.05.2025 10:27:50] Система авторизації ініціалізована.
[20.05.2025 10:28:08] Успішна автентифікація для Pavlik, роль: Адміністратор.
[20.05.2025 10:28:08] Користувач: Pavlik, роль: Адміністратор увійшов у систему.
[20.05.2025 10:32:06] Користувачі завантажені з C:\Users\Admin\PycharmProjects\NewProject\practicReport\models\users.json.
[20.05.2025 10:32:06] Система авторизації ініціалізована.
[20.05.2025 10:32:15] Успішна автентифікація для Pavlik, роль: Адміністратор.
[20.05.2025 10:32:15] Користувач: Pavlik, роль: Адміністратор увійшов у систему.
[20.05.2025 13:08:02] Користувачі завантажені з C:\Users\Admin\PycharmProjects\NewProject\practicReport\models\users.json.
[20.05.2025 13:08:02] Система авторизації ініціалізована.
[20.05.2025 13:08:08] Успішна автентифікація для Pavlik, роль: Адміністратор.
[20.05.2025 13:08:08] Користувач: Pavlik, роль: Адміністратор увійшов у систему.
[20.05.2025 13:21:47] Користувачі завантажені з C:\Users\Admin\PycharmProjects\NewProject\practicReport\models\users.json.
[20.05.2025 13:21:47] Система авторизації ініціалізована.
[20.05.2025 13:21:57] Успішна автентифікація для Pavlik, роль: Адміністратор.
[20.05.2025 13:21:57] Користувач: Pavlik, роль: Адміністратор увійшов у систему.
[20.05.2025 13:28:53] Користувачі завантажені з C:\Users\Admin\PycharmProjects\NewProject\practicReport\models\users.json.
[20.05.2025 13:28:53] Система авторизації ініціалізована.
[20.05.2025 13:29:03] Успішна автентифікація для Pavlik, роль: Адміністратор.
[20.05.2025 13:29:03] Користувач: Pavlik, роль: Адміністратор увійшов у систему.
[20.05.2025 13:51:04] Користувачі завантажені з C:\Users\Admin\PycharmProjects\NewProject\practicReport\models\users.json.
[20.05.2025 13:51:04] Система авторизації ініціалізована.
[20.05.2025 13:51:22] Успішна автентифікація для Pavlik, роль: Адміністратор.
[20.05.2025 13:51:22] Користувач: Pavlik, роль: Адміністратор увійшов у систему.
[20.05.2025 13:57:49] Адмін додав працівника: олег_баран_4
[20.05.2025 13:58:48] Користувачі завантажені з C:\Users\Admin\PycharmProjects\NewProject\practicReport\models\users.json.
[20.05.2025 13:58:48] Система авторизації ініціалізована.
[20.05.2025 13:59:05] Успішна автентифікація для anna, роль: Менеджер.
[20.05.2025 13:59:05] Користувач: anna, роль: Менеджер увійшов у систему.
[20.05.2025 13:59:46] Користувачі завантажені з C:\Users\Admin\PycharmProjects\NewProject\practicReport\models\users.json.
[20.05.2025 13:59:46] Система авторизації ініціалізована.
[20.05.2025 14:00:06] Успішна автентифікація для Pavlik, роль: Адміністратор.
[20.05.2025 14:00:06] Користувач: Pavlik, роль: Адміністратор увійшов у систему.
[20.05.2025 14:03:03] Користувачі завантажені з C:\Users\Admin\PycharmProjects\NewProject\practicReport\models\users.json.
[20.05.2025 14:03:03] Система авторизації ініціалізована.
[20.05.2025 14:03:26] Успішна автентифікація для Pavlik, роль: Адміністратор.
[20.05.2025 14:03:26] Користувач: Pavlik, роль: Адміністратор увійшов у систему.
[21.05.2025 08:23:47] Користувачі завантажені з C:\Users\Admin\PycharmProjects\NewProject\practicReport\models\users.json.
[21.05.2025 08:23:47] Система авторизації ініціалізована.
[21.05.2025 08:24:01] Успішна автентифікація для Pavlik, роль: Адміністратор.
[21.05.2025 08:24:01] Користувач: Pavlik, роль: Адміністратор увійшов у систему.
[21.05.2025 08:24:17] Користувачі завантажені з C:\Users\Admin\PycharmProjects\NewProject\practicReport\models\users.json.
[21.05.2025 08:24:17] Система авторизації ініціалізована.
[21.05.2025 08:24:24] Успішна автентифікація для Pavlik, роль: Адміністратор.
[21.05.2025 08:24:24] Користувач: Pavlik, роль: Адміністратор увійшов у систему.
[21.05.2025 08:24:37] Користувачі завантажені з C:\Users\Admin\PycharmProjects\NewProject\practicReport\models\users.json.
[21.05.2025 08:24:37] Система авторизації ініціалізована.
[21.05.2025 08:24:46] Успішна автентифікація для Pavlik, роль: Адміністратор.
[21.05.2025 08:24:46] Користувач: Pavlik, роль: Адміністратор увійшов у систему.
[21.05.2025 08:40:58] Користувачі завантажені з C:\Users\Admin\PycharmProjects\NewProject\practicReport\models\users.json.
[21.05.2025 08:40:58] Система авторизації ініціалізована.
[21.05.2025 08:42:37] Успішна автентифікація для Pavlik, роль: Адміністратор.
[21.05.2025 08:42:37] Користувач: Pavlik, роль: Адміністратор увійшов у систему.
[21.05.2025 09:18:53] Користувачі завантажені з C:\Users\Admin\PycharmProjects\NewProject\practicReport\models\users.json.
[21.05.2025 09:18:53] Система авторизації ініціалізована.
[21.05.2025 09:19:02] Успішна автентифікація для Pavlik, роль: Адміністратор.
[21.05.2025 09:19:02] Користувач: Pavlik, роль: Адміністратор увійшов у систему.
[21.05.2025 09:20:41] Користувачі завантажені з C:\Users\Admin\PycharmProjects\NewProject\practicReport\models\users.json.
[21.05.2025 09:20:41] Система авторизації ініціалізована.
[21.05.2025 09:20:51] Успішна автентифікація для Pavlik, роль: Адміністратор.
[21.05.2025 09:20:51] Користувач: Pavlik, роль: Адміністратор увійшов у систему.
[21.05.2025 09:22:20] Користувачі завантажені з C:\Users\Admin\PycharmProjects\NewProject\practicReport\models\users.json.
[21.05.2025 09:22:20] Система авторизації ініціалізована.
[21.05.2025 09:22:38] Користувачі завантажені з C:\Users\Admin\PycharmProjects\NewProject\practicReport\models\users.json.
[21.05.2025 09:22:38] Система авторизації ініціалізована.
[21.05.2025 09:22:39] Користувачі завантажені з C:\Users\Admin\PycharmProjects\NewProject\practicReport\models\users.json.
[21.05.2025 09:22:39] Система авторизації ініціалізована.
[21.05.2025 09:22:40] Користувачі завантажені з C:\Users\Admin\PycharmProjects\NewProject\practicReport\models\users.json.
[21.05.2025 09:22:40] Система авторизації ініціалізована.
[21.05.2025 09:22:48] Успішна автентифікація для Pavlik, роль: Адміністратор.
[21.05.2025 09:22:48] Користувач: Pavlik, роль: Адміністратор увійшов у систему.
[21.05.2025 09:33:38] Користувачі завантажені з C:\Users\Admin\PycharmProjects\NewProject\practicReport\models\users.json.
[21.05.2025 09:33:38] Система авторизації ініціалізована.
[21.05.2025 09:33:46] Успішна автентифікація для Pavlik, роль: Адміністратор.
[21.05.2025 09:33:46] Користувач: Pavlik, роль: Адміністратор увійшов у систему.
[21.05.2025 09:34:22] Користувачі завантажені з C:\Users\Admin\PycharmProjects\NewProject\practicReport\models\users.json.
[21.05.2025 09:34:22] Система авторизації ініціалізована.
[21.05.2025 09:34:28] Успішна автентифікація для Pavlik, роль: Адміністратор.
[21.05.2025 09:34:28] Користувач: Pavlik, роль: Адміністратор увійшов у систему.
[21.05.2025 10:07:01] Користувачі завантажені з C:\Users\Admin\PycharmProjects\NewProject\practicReport\models\users.json.
[21.05.2025 10:07:01] Система авторизації ініціалізована.
[21.05.2025 10:07:11] Успішна автентифікація для Pavlik, роль: Адміністратор.
[21.05.2025 10:07:11] Користувач: Pavlik, роль: Адміністратор увійшов у систему.
[21.05.2025 10:12:31] Користувачі завантажені з C:\Users\Admin\PycharmProjects\NewProject\practicReport\models\users.json.
[21.05.2025 10:12:31] Система авторизації ініціалізована.
[21.05.2025 10:12:37] Успішна автентифікація для Pavlik, роль: Адміністратор.
[21.05.2025 10:12:37] Користувач: Pavlik, роль: Адміністратор увійшов у систему.
[21.05.2025 10:17:22] Успішна автентифікація для Pavlik, роль: Адміністратор.
[21.05.2025 10:17:22] Користувач: Pavlik, роль: Адміністратор увійшов у систему.
[21.05.2025 10:21:13] Користувачі завантажені з C:\Users\Admin\PycharmProjects\NewProject\practicReport\models\users.json.
[21.05.2025 10:21:13] Система авторизації ініціалізована.
[21.05.2025 10:21:20] Неуспішна автентифікація для Pavlik.
[21.05.2025 10:21:27] Неуспішна автентифікація для Pavlik.
[21.05.2025 10:21:32] Неуспішна автентифікація для Pavlik.
[21.05.2025 10:26:14] Користувачі завантажені з C:\Users\Admin\PycharmProjects\NewProject\practicReport\models\users.json.
[21.05.2025 10:26:14] Система авторизації ініціалізована.
[21.05.2025 10:26:22] Неуспішна автентифікація для Pavlik.
[21.05.2025 10:27:16] Неуспішна автентифікація для Pavlik.
[21.05.2025 12:13:10] Система авторизації ініціалізована.
[21.05.2025 12:13:21] Неуспішна автентифікація для Pavlik.
[21.05.2025 12:14:07] Система авторизації ініціалізована.
[21.05.2025 12:14:17] Неуспішна автентифікація для Pavlik.
[21.05.2025 12:19:55] Користувачі завантажені з C:\Users\Admin\PycharmProjects\NewProject\practicReport\models\users.json.
[21.05.2025 12:19:55] Система авторизації ініціалізована.
[21.05.2025 12:20:08] Успішна автентифікація для Pavlik, роль: Адміністратор.
[21.05.2025 12:20:08] Користувач: Pavlik, роль: Адміністратор увійшов у систему.
[21.05.2025 12:41:58] Користувачі завантажені з C:\Users\Admin\PycharmProjects\NewProject\practicReport\models\users.json.
[21.05.2025 12:41:58] Система авторизації ініціалізована.
[21.05.2025 13:19:11] Користувачі завантажені з C:\Users\Admin\PycharmProjects\NewProject\practicReport\models\users.json.
[21.05.2025 13:19:11] Система авторизації ініціалізована.
[21.05.2025 13:19:20] Успішна автентифікація для Pavlik, роль: Адміністратор.
[21.05.2025 13:19:20] Користувач: Pavlik, роль: Адміністратор увійшов у систему.
[21.05.2025 13:23:54] Користувачі завантажені з C:\Users\Admin\PycharmProjects\NewProject\practicReport\models\users.json.
[21.05.2025 13:23:54] Система авторизації ініціалізована.
[21.05.2025 13:24:04] Користувачі завантажені з C:\Users\Admin\PycharmProjects\NewProject\practicReport\models\users.json.
[21.05.2025 13:24:04] Система авторизації ініціалізована.
[21.05.2025 13:35:51] Користувачі завантажені з C:\Users\Admin\PycharmProjects\NewProject\practicReport\models\users.json.
[21.05.2025 13:35:51] Система авторизації ініціалізована.
[21.05.2025 14:01:54] Система авторизації ініціалізована.
[21.05.2025 14:02:01] Неуспішна автентифікація для Pavlik.
[21.05.2025 14:05:36] Система авторизації ініціалізована.
[21.05.2025 14:05:45] Неуспішна автентифікація для Pavlik.
[21.05.2025 14:10:42] Система авторизації ініціалізована.
[21.05.2025 14:10:52] Успішна автентифікація для Pavlik, роль: Адміністратор.
[21.05.2025 14:10:52] Користувач: Pavlik, роль: Адміністратор увійшов у систему.
[21.05.2025 14:25:19] Система авторизації ініціалізована.
[21.05.2025 14:25:29] Неуспішна автентифікація для Pavlik.
[21.05.2025 14:25:43] Неуспішна автентифікація для Pavlik.
[21.05.2025 14:26:10] Система авторизації ініціалізована.
[21.05.2025 14:26:18] Неуспішна автентифікація для Pavlik.
[22.05.2025 08:05:43] Система авторизації ініціалізована.
[22.05.2025 08:05:56] Неуспішна автентифікація для Pavlik.
[22.05.2025 08:06:40] Система авторизації ініціалізована.
[22.05.2025 08:06:46] Успішна автентифікація для Pavlik, роль: Працівник.
[22.05.2025 08:06:46] Користувач: Pavlik, роль: Працівник увійшов у систему.
[22.05.2025 08:07:17] Система авторизації ініціалізована.
[22.05.2025 08:07:24] Успішна автентифікація для Pavlik, роль: Адміністратор.
[22.05.2025 08:07:24] Користувач: Pavlik, роль: Адміністратор увійшов у систему.
[22.05.2025 08:14:37] Система авторизації ініціалізована.
[22.05.2025 08:14:46] Неуспішна автентифікація для Pavlik.
[22.05.2025 08:14:50] Успішна автентифікація для Pavlik, роль: Адміністратор.
[22.05.2025 08:14:50] Користувач: Pavlik, роль: Адміністратор увійшов у систему.
[22.05.2025 08:19:35] Система авторизації ініціалізована.
[22.05.2025 08:19:43] Неуспішна автентифікація для Pavlik.
[22.05.2025 08:19:49] Успішна автентифікація для Pavlik, роль: Адміністратор.
[22.05.2025 08:19:49] Користувач: Pavlik, роль: Адміністратор увійшов у систему.
[22.05.2025 08:26:14] Система авторизації ініціалізована.
[22.05.2025 08:26:24] Успішна автентифікація для Pavlik, роль: Адміністратор.
[22.05.2025 08:26:24] Користувач: Pavlik, роль: Адміністратор увійшов у систему.
[22.05.2025 08:47:56] Система авторизації ініціалізована.
[22.05.2025 08:48:03] Успішна автентифікація для Pavlik, роль: Адміністратор.
[22.05.2025 08:48:03] Користувач: Pavlik, роль: Адміністратор увійшов у систему.
[22.05.2025 08:59:33] Система авторизації ініціалізована.
[22.05.2025 08:59:44] Успішна автентифікація для Pavlik, роль: Адміністратор.
[22.05.2025 08:59:44] Користувач: Pavlik, роль: Адміністратор увійшов у систему.
[22.05.2025 09:10:34] Система авторизації ініціалізована.
[22.05.2025 09:10:46] Успішна автентифікація для Pavlik, роль: Адміністратор.
[22.05.2025 09:10:46] Користувач: Pavlik, роль: Адміністратор увійшов у систему.
[22.05.2025 09:11:20] Система авторизації ініціалізована.
[22.05.2025 09:11:26] Успішна автентифікація для Pavlik, роль: Адміністратор.
[22.05.2025 09:11:26] Користувач: Pavlik, роль: Адміністратор увійшов у систему.
[22.05.2025 09:17:45] Система авторизації ініціалізована.
[22.05.2025 09:17:53] Успішна автентифікація для Pavlik, роль: Адміністратор.
[22.05.2025 09:17:53] Користувач: Pavlik, роль: Адміністратор увійшов у систему.
[22.05.2025 09:40:37] Система авторизації ініціалізована.
[22.05.2025 09:40:46] Успішна автентифікація для Pavlik, роль: Адміністратор.
[22.05.2025 09:40:46] Користувач: Pavlik, роль: Адміністратор увійшов у систему.
[22.05.2025 09:40:55] Система авторизації ініціалізована.
[22.05.2025 09:41:02] Успішна автентифікація для Pavlik, роль: Адміністратор.
[22.05.2025 09:41:02] Користувач: Pavlik, роль: Адміністратор увійшов у систему.
[22.05.2025 10:03:04] Система авторизації ініціалізована.
[22.05.2025 10:03:11] Успішна автентифікація для Pavlik, роль: Адміністратор.
[22.05.2025 10:03:11] Користувач: Pavlik, роль: Адміністратор увійшов у систему.
[22.05.2025 10:14:38] Система авторизації ініціалізована.
[22.05.2025 10:14:46] Успішна автентифікація для Pavlik, роль: Адміністратор.
[22.05.2025 10:14:46] Користувач: Pavlik, роль: Адміністратор увійшов у систему.
[22.05.2025 10:14:54] Система авторизації ініціалізована.
[22.05.2025 10:15:03] Успішна автентифікація для Pavlik, роль: Адміністратор.
[22.05.2025 10:15:03] Користувач: Pavlik, роль: Адміністратор увійшов у систему.
[22.05.2025 10:20:26] Система авторизації ініціалізована.
[22.05.2025 10:20:34] Успішна автентифікація для Pavlik, роль: Адміністратор.
[22.05.2025 10:20:34] Користувач: Pavlik, роль: Адміністратор увійшов у систему.
[22.05.2025 10:24:21] Система авторизації ініціалізована.
[22.05.2025 10:24:31] Система авторизації ініціалізована.
[22.05.2025 10:29:38] Система авторизації ініціалізована.
[22.05.2025 10:34:38] Система авторизації ініціалізована.
[22.05.2025 10:37:24] Система авторизації ініціалізована.
[22.05.2025 10:46:04] Система авторизації ініціалізована.
[22.05.2025 10:46:12] Успішна автентифікація для Pavlik, роль: Адміністратор.
[22.05.2025 10:46:12] Користувач: Pavlik, роль: Адміністратор увійшов у систему.
[22.05.2025 12:02:33] Система авторизації ініціалізована.
[22.05.2025 12:02:46] Успішна автентифікація для anna, роль: Менеджер.
[22.05.2025 12:02:46] Користувач: anna, роль: Менеджер увійшов у систему.
[22.05.2025 12:02:55] Система авторизації ініціалізована.
[22.05.2025 12:03:13] Успішна автентифікація для vanya, роль: Складський працівник.
[22.05.2025 12:03:13] Користувач: vanya, роль: Складський працівник увійшов у систему.
[22.05.2025 12:37:45] Система авторизації ініціалізована.
[22.05.2025 12:38:02] Неуспішна автентифікація для Pavlik.
[22.05.2025 12:38:08] Успішна автентифікація для Pavlik, роль: Адміністратор.
[22.05.2025 12:38:08] Користувач: Pavlik, роль: Адміністратор увійшов у систему.
[22.05.2025 12:38:53] Система авторизації ініціалізована.
[22.05.2025 12:41:07] Система авторизації ініціалізована.
[22.05.2025 12:41:37] Система авторизації ініціалізована.
[22.05.2025 12:41:45] Успішна автентифікація для Pavlik, роль: Адміністратор.
[22.05.2025 12:41:45] Користувач: Pavlik, роль: Адміністратор увійшов у систему.
[22.05.2025 12:42:31] Система авторизації ініціалізована.
[22.05.2025 12:42:41] Успішна автентифікація для Pavlik, роль: Адміністратор.
[22.05.2025 12:42:41] Користувач: Pavlik, роль: Адміністратор увійшов у систему.
[22.05.2025 12:43:06] Система авторизації ініціалізована.
[22.05.2025 12:43:14] Успішна автентифікація для Pavlik, роль: Адміністратор.
[22.05.2025 12:43:14] Користувач: Pavlik, роль: Адміністратор увійшов у систему.
[22.05.2025 12:43:30] Система авторизації ініціалізована.
[22.05.2025 12:43:34] Неуспішна автентифікація для Pavlik.
[22.05.2025 12:43:40] Неуспішна автентифікація для Pavlik.
[22.05.2025 12:43:44] Успішна автентифікація для Pavlik, роль: Адміністратор.
[22.05.2025 12:43:44] Користувач: Pavlik, роль: Адміністратор увійшов у систему.
[22.05.2025 12:45:34] Система авторизації ініціалізована.
[22.05.2025 12:45:43] Успішна автентифікація для Pavlik, роль: Адміністратор.
[22.05.2025 12:45:43] Користувач: Pavlik, роль: Адміністратор увійшов у систему.
[22.05.2025 13:22:19] Система авторизації ініціалізована.
[22.05.2025 13:23:44] Успішна автентифікація для Pavlik, роль: Адміністратор.
[22.05.2025 13:23:44] Користувач: Pavlik, роль: Адміністратор увійшов у систему.
[22.05.2025 13:27:22] Система авторизації ініціалізована.
[22.05.2025 13:27:44] Успішна автентифікація для Pavlik, роль: Адміністратор.
[22.05.2025 13:27:44] Користувач: Pavlik, роль: Адміністратор увійшов у систему.
[23.05.2025 09:14:24] Система авторизації ініціалізована.
[23.05.2025 09:16:50] Успішна автентифікація для anna, роль: Менеджер.
[23.05.2025 09:16:50] Користувач: anna, роль: Менеджер увійшов у систему.
[23.05.2025 10:37:01] Система авторизації ініціалізована.
[23.05.2025 10:37:07] Успішна автентифікація для anna, роль: Менеджер.
[23.05.2025 10:37:07] Користувач: anna, роль: Менеджер увійшов у систему.
[23.05.2025 12:10:56] Система авторизації ініціалізована.
[23.05.2025 12:14:13] Система авторизації ініціалізована.
[23.05.2025 12:14:27] Система авторизації ініціалізована.
[23.05.2025 12:14:48] Система авторизації ініціалізована.
[23.05.2025 12:15:45] Система авторизації ініціалізована.
[23.05.2025 12:16:38] Система авторизації ініціалізована.
[23.05.2025 12:16:49] Успішна автентифікація для Pavlik, роль: Адміністратор.
[23.05.2025 12:16:49] Користувач: Pavlik, роль: Адміністратор увійшов у систему.
[23.05.2025 12:18:00] Система авторизації ініціалізована.
[23.05.2025 12:18:09] Успішна автентифікація для Pavlik, роль: Адміністратор.
[23.05.2025 12:18:09] Користувач: Pavlik, роль: Адміністратор увійшов у систему.[26.05.2025 18:07:13] Система авторизації ініціалізована.
[26.05.2025 18:32:13] Успішна автентифікація для anna, роль: Менеджер.
[26.05.2025 18:32:13] Користувач: anna, роль: Менеджер увійшов у систему.
